Brewery/app/build/qt_generated/qtquickview/android-build-qtquickview/build/intermediates/manifest_merge_blame_file/debug/processDebugManifest/manifest-merger-blame-debug-report.txt
1<?xml version="1.0" encoding="utf-8"?>
2<manifest xmlns:android="http://schemas.android.com/apk/res/android"
3    xmlns:tools="http://schemas.android.com/tools"
4    package="org.qtproject.example.qtquickview"
5    android:versionCode="1"
6    android:versionName="1.0" >
7
8    <uses-sdk android:minSdkVersion="28" />
9
10    <uses-permission android:name="android.permission.ACCESS_NETWORK_STATE" />
10-->qtquickview/android-build-qtquickview/AndroidManifest.xml:7:5-80
10-->qtquickview/android-build-qtquickview/AndroidManifest.xml:7:22-76
11    <uses-permission android:name="android.permission.INTERNET" />
11-->qtquickview/android-build-qtquickview/AndroidManifest.xml:8:5-68
11-->qtquickview/android-build-qtquickview/AndroidManifest.xml:8:22-64
12    <uses-permission android:name="android.permission.WRITE_EXTERNAL_STORAGE" />
12-->qtquickview/android-build-qtquickview/AndroidManifest.xml:9:5-82
12-->qtquickview/android-build-qtquickview/AndroidManifest.xml:9:22-78
13
14</manifest>